<?xml version="1.0" encoding="UTF-8"?>
<testng-results ignored="0" total="4" passed="4" failed="0" skipped="0">
  <reporter-output>
  </reporter-output>
  <suite started-at="2020-05-17T19:21:48 EEST" name="Suite1" finished-at="2020-05-17T19:22:00 EEST" duration-ms="11966">
    <groups>
    </groups>
    <test started-at="2020-05-17T19:21:48 EEST" name="PunchTest" finished-at="2020-05-17T19:22:00 EEST" duration-ms="11966">
      <class name="FirstTest">
        <test-method is-config="true" signature="beforeSuite()[pri:0, instance:FirstTest@260e86a1]" started-at="2020-05-17T19:21:48 EEST" name="beforeSuite" finished-at="2020-05-17T19:21:48 EEST" duration-ms="10" status="PASS">
          <reporter-output>
          </reporter-output>
        </test-method> <!-- beforeSuite -->
        <test-method is-config="true" signature="beforeSuite()[pri:0, instance:FirstTest@260e86a1]" started-at="2020-05-17T19:21:48 EEST" name="beforeSuite" finished-at="2020-05-17T19:21:48 EEST" duration-ms="1" status="PASS">
          <reporter-output>
          </reporter-output>
        </test-method> <!-- beforeSuite -->
        <test-method is-config="true" signature="beforeSuite()[pri:0, instance:FirstTest@260e86a1]" started-at="2020-05-17T19:21:48 EEST" name="beforeSuite" finished-at="2020-05-17T19:21:48 EEST" duration-ms="0" status="PASS">
          <reporter-output>
          </reporter-output>
        </test-method> <!-- beforeSuite -->
        <test-method signature="linkTest()[pri:0, instance:FirstTest@260e86a1]" started-at="2020-05-17T19:21:48 EEST" name="linkTest" finished-at="2020-05-17T19:21:51 EEST" duration-ms="2615" status="PASS">
          <reporter-output>
          </reporter-output>
        </test-method> <!-- linkTest -->
        <test-method is-config="true" signature="afterMethod()[pri:0, instance:FirstTest@260e86a1]" started-at="2020-05-17T19:21:51 EEST" name="afterMethod" finished-at="2020-05-17T19:21:51 EEST" duration-ms="1" status="PASS">
          <reporter-output>
          </reporter-output>
        </test-method> <!-- afterMethod -->
        <test-method signature="loginTest()[pri:0, instance:FirstTest@260e86a1]" started-at="2020-05-17T19:21:51 EEST" name="loginTest" finished-at="2020-05-17T19:21:56 EEST" duration-ms="4803" status="PASS">
          <reporter-output>
          </reporter-output>
        </test-method> <!-- loginTest -->
        <test-method is-config="true" signature="beforeSuite()[pri:0, instance:FirstTest@260e86a1]" started-at="2020-05-17T19:21:51 EEST" name="beforeSuite" finished-at="2020-05-17T19:21:51 EEST" duration-ms="0" status="PASS">
          <reporter-output>
          </reporter-output>
        </test-method> <!-- beforeSuite -->
        <test-method is-config="true" signature="afterMethod()[pri:0, instance:FirstTest@260e86a1]" started-at="2020-05-17T19:21:56 EEST" name="afterMethod" finished-at="2020-05-17T19:21:56 EEST" duration-ms="0" status="PASS">
          <reporter-output>
          </reporter-output>
        </test-method> <!-- afterMethod -->
        <test-method is-config="true" signature="beforeSuite()[pri:0, instance:FirstTest@260e86a1]" started-at="2020-05-17T19:21:56 EEST" name="beforeSuite" finished-at="2020-05-17T19:21:56 EEST" duration-ms="1" status="PASS">
          <reporter-output>
          </reporter-output>
        </test-method> <!-- beforeSuite -->
        <test-method signature="unFollowTest()[pri:0, instance:FirstTest@260e86a1]" started-at="2020-05-17T19:21:56 EEST" name="unFollowTest" finished-at="2020-05-17T19:21:58 EEST" duration-ms="2343" status="PASS">
          <reporter-output>
          </reporter-output>
        </test-method> <!-- unFollowTest -->
        <test-method is-config="true" signature="afterMethod()[pri:0, instance:FirstTest@260e86a1]" started-at="2020-05-17T19:21:58 EEST" name="afterMethod" finished-at="2020-05-17T19:21:58 EEST" duration-ms="1" status="PASS">
          <reporter-output>
          </reporter-output>
        </test-method> <!-- afterMethod -->
        <test-method is-config="true" signature="beforeSuite()[pri:0, instance:FirstTest@260e86a1]" started-at="2020-05-17T19:21:58 EEST" name="beforeSuite" finished-at="2020-05-17T19:21:58 EEST" duration-ms="0" status="PASS">
          <reporter-output>
          </reporter-output>
        </test-method> <!-- beforeSuite -->
        <test-method signature="followTest()[pri:0, instance:FirstTest@260e86a1]" started-at="2020-05-17T19:21:58 EEST" name="followTest" finished-at="2020-05-17T19:22:00 EEST" duration-ms="2161" status="PASS">
          <reporter-output>
          </reporter-output>
        </test-method> <!-- followTest -->
        <test-method is-config="true" signature="afterMethod()[pri:0, instance:FirstTest@260e86a1]" started-at="2020-05-17T19:22:00 EEST" name="afterMethod" finished-at="2020-05-17T19:22:00 EEST" duration-ms="0" status="PASS">
          <reporter-output>
          </reporter-output>
        </test-method> <!-- afterMethod -->
        <test-method is-config="true" signature="afterClass()[pri:0, instance:FirstTest@260e86a1]" started-at="2020-05-17T19:22:00 EEST" name="afterClass" finished-at="2020-05-17T19:22:00 EEST" duration-ms="0" status="PASS">
          <reporter-output>
          </reporter-output>
        </test-method> <!-- afterClass -->
        <test-method is-config="true" signature="afterSuite()[pri:0, instance:FirstTest@260e86a1]" started-at="2020-05-17T19:22:00 EEST" name="afterSuite" finished-at="2020-05-17T19:22:01 EEST" duration-ms="1013" status="PASS">
          <reporter-output>
          </reporter-output>
        </test-method> <!-- afterSuite -->
      </class> <!-- FirstTest -->
    </test> <!-- PunchTest -->
  </suite> <!-- Suite1 -->
</testng-results>
