<?xml version="1.0" encoding="UTF-8"?>
<testng-results ignored="7" total="10" passed="3" failed="0" skipped="0">
  <reporter-output>
  </reporter-output>
  <suite started-at="2020-05-25T22:34:01 EEST" name="Suite1" finished-at="2020-05-25T22:34:20 EEST" duration-ms="19265">
    <groups>
    </groups>
    <test started-at="2020-05-25T22:34:01 EEST" name="PunchTest" finished-at="2020-05-25T22:34:20 EEST" duration-ms="19265">
      <class name="FirstTest">
        <test-method is-config="true" signature="beforeSuite()[pri:0, instance:FirstTest@56e8b606]" started-at="2020-05-25T22:34:01 EEST" name="beforeSuite" finished-at="2020-05-25T22:34:01 EEST" duration-ms="11" status="PASS">
          <reporter-output>
          </reporter-output>
        </test-method> <!-- beforeSuite -->
        <test-method is-config="true" signature="beforeSuite()[pri:0, instance:FirstTest@56e8b606]" started-at="2020-05-25T22:34:01 EEST" name="beforeSuite" finished-at="2020-05-25T22:34:01 EEST" duration-ms="0" status="PASS">
          <reporter-output>
          </reporter-output>
        </test-method> <!-- beforeSuite -->
        <test-method is-config="true" signature="beforeSuite()[pri:0, instance:FirstTest@56e8b606]" started-at="2020-05-25T22:34:01 EEST" name="beforeSuite" finished-at="2020-05-25T22:34:01 EEST" duration-ms="1" status="PASS">
          <reporter-output>
          </reporter-output>
        </test-method> <!-- beforeSuite -->
        <test-method signature="dataProviderTest(java.lang.String)[pri:0, instance:FirstTest@56e8b606]" started-at="2020-05-25T22:34:01 EEST" name="dataProviderTest" data-provider="dataProvider" finished-at="2020-05-25T22:34:15 EEST" duration-ms="13724" status="PASS">
          <params>
            <param index="0">
              <value>
                <![CDATA[data]]>
              </value>
            </param>
          </params>
          <reporter-output>
          </reporter-output>
        </test-method> <!-- dataProviderTest -->
        <test-method is-config="true" signature="afterMethod()[pri:0, instance:FirstTest@56e8b606]" started-at="2020-05-25T22:34:15 EEST" name="afterMethod" finished-at="2020-05-25T22:34:15 EEST" duration-ms="1" status="PASS">
          <reporter-output>
          </reporter-output>
        </test-method> <!-- afterMethod -->
        <test-method is-config="true" signature="beforeSuite()[pri:0, instance:FirstTest@56e8b606]" started-at="2020-05-25T22:34:15 EEST" name="beforeSuite" finished-at="2020-05-25T22:34:15 EEST" duration-ms="0" status="PASS">
          <reporter-output>
          </reporter-output>
        </test-method> <!-- beforeSuite -->
        <test-method signature="dataProviderTest(java.lang.String)[pri:0, instance:FirstTest@56e8b606]" started-at="2020-05-25T22:34:15 EEST" name="dataProviderTest" data-provider="dataProvider" finished-at="2020-05-25T22:34:18 EEST" duration-ms="3066" status="PASS">
          <params>
            <param index="0">
              <value>
                <![CDATA[java]]>
              </value>
            </param>
          </params>
          <reporter-output>
          </reporter-output>
        </test-method> <!-- dataProviderTest -->
        <test-method is-config="true" signature="afterMethod()[pri:0, instance:FirstTest@56e8b606]" started-at="2020-05-25T22:34:18 EEST" name="afterMethod" finished-at="2020-05-25T22:34:18 EEST" duration-ms="0" status="PASS">
          <reporter-output>
          </reporter-output>
        </test-method> <!-- afterMethod -->
        <test-method signature="dataProviderTest(java.lang.String)[pri:0, instance:FirstTest@56e8b606]" started-at="2020-05-25T22:34:18 EEST" name="dataProviderTest" data-provider="dataProvider" finished-at="2020-05-25T22:34:20 EEST" duration-ms="2426" status="PASS">
          <params>
            <param index="0">
              <value>
                <![CDATA[action]]>
              </value>
            </param>
          </params>
          <reporter-output>
          </reporter-output>
        </test-method> <!-- dataProviderTest -->
        <test-method is-config="true" signature="beforeSuite()[pri:0, instance:FirstTest@56e8b606]" started-at="2020-05-25T22:34:18 EEST" name="beforeSuite" finished-at="2020-05-25T22:34:18 EEST" duration-ms="0" status="PASS">
          <reporter-output>
          </reporter-output>
        </test-method> <!-- beforeSuite -->
        <test-method is-config="true" signature="afterMethod()[pri:0, instance:FirstTest@56e8b606]" started-at="2020-05-25T22:34:20 EEST" name="afterMethod" finished-at="2020-05-25T22:34:20 EEST" duration-ms="1" status="PASS">
          <reporter-output>
          </reporter-output>
        </test-method> <!-- afterMethod -->
        <test-method is-config="true" signature="afterClass()[pri:0, instance:FirstTest@56e8b606]" started-at="2020-05-25T22:34:20 EEST" name="afterClass" finished-at="2020-05-25T22:34:20 EEST" duration-ms="1" status="PASS">
          <reporter-output>
          </reporter-output>
        </test-method> <!-- afterClass -->
        <test-method is-config="true" signature="afterSuite()[pri:0, instance:FirstTest@56e8b606]" started-at="2020-05-25T22:34:20 EEST" name="afterSuite" finished-at="2020-05-25T22:34:21 EEST" duration-ms="835" status="PASS">
          <reporter-output>
          </reporter-output>
        </test-method> <!-- afterSuite -->
      </class> <!-- FirstTest -->
    </test> <!-- PunchTest -->
  </suite> <!-- Suite1 -->
</testng-results>
